<?xml version="1.0" encoding="UTF-8"?>
<testsuite xmlns:xsi="http://www.w3.org/2001/XMLSchema-instance" xsi:noNamespaceSchemaLocation="https://maven.apache.org/surefire/maven-surefire-plugin/xsd/surefire-test-report.xsd" name="com.los.lastwarrior.warrior.DisciplineTest" time="0.025" tests="20" errors="0" skipped="0" failures="0">
  <properties>
    <property name="java.specification.version" value="14"/>
    <property name="sun.jnu.encoding" value="UTF-8"/>
    <property name="java.class.path" value="/Users/DreamMachine/IdeaProjects/LastWarrior/target/test-classes:/Users/DreamMachine/IdeaProjects/LastWarrior/target/classes:/Users/DreamMachine/.m2/repository/javax/validation/validation-api/2.0.1.Final/validation-api-2.0.1.Final.jar:/Users/DreamMachine/.m2/repository/org/apache/commons/commons-lang3/3.8.1/commons-lang3-3.8.1.jar:/Users/DreamMachine/.m2/repository/org/junit/jupiter/junit-jupiter-api/5.3.1/junit-jupiter-api-5.3.1.jar:/Users/DreamMachine/.m2/repository/org/apiguardian/apiguardian-api/1.0.0/apiguardian-api-1.0.0.jar:/Users/DreamMachine/.m2/repository/org/opentest4j/opentest4j/1.1.1/opentest4j-1.1.1.jar:/Users/DreamMachine/.m2/repository/org/junit/platform/junit-platform-commons/1.3.1/junit-platform-commons-1.3.1.jar:/Users/DreamMachine/.m2/repository/org/junit/jupiter/junit-jupiter-engine/5.3.1/junit-jupiter-engine-5.3.1.jar:/Users/DreamMachine/.m2/repository/org/junit/platform/junit-platform-engine/1.3.1/junit-platform-engine-1.3.1.jar:"/>
    <property name="java.vm.vendor" value="AdoptOpenJDK"/>
    <property name="sun.arch.data.model" value="64"/>
    <property name="java.vendor.url" value="https://adoptopenjdk.net/"/>
    <property name="os.name" value="Mac OS X"/>
    <property name="java.vm.specification.version" value="14"/>
    <property name="sun.java.launcher" value="SUN_STANDARD"/>
    <property name="user.country" value="US"/>
    <property name="sun.boot.library.path" value="/Library/Java/JavaVirtualMachines/adoptopenjdk-14.jdk/Contents/Home/lib"/>
    <property name="sun.java.command" value="/Users/DreamMachine/IdeaProjects/LastWarrior/target/surefire/surefirebooter15071008214341718049.jar /Users/DreamMachine/IdeaProjects/LastWarrior/target/surefire 2021-01-05T16-25-00_982-jvmRun1 surefire11921748251361503498tmp surefire_06135737593485034179tmp"/>
    <property name="http.nonProxyHosts" value="local|*.local|169.254/16|*.169.254/16"/>
    <property name="jdk.debug" value="release"/>
    <property name="surefire.test.class.path" value="/Users/DreamMachine/IdeaProjects/LastWarrior/target/test-classes:/Users/DreamMachine/IdeaProjects/LastWarrior/target/classes:/Users/DreamMachine/.m2/repository/javax/validation/validation-api/2.0.1.Final/validation-api-2.0.1.Final.jar:/Users/DreamMachine/.m2/repository/org/apache/commons/commons-lang3/3.8.1/commons-lang3-3.8.1.jar:/Users/DreamMachine/.m2/repository/org/junit/jupiter/junit-jupiter-api/5.3.1/junit-jupiter-api-5.3.1.jar:/Users/DreamMachine/.m2/repository/org/apiguardian/apiguardian-api/1.0.0/apiguardian-api-1.0.0.jar:/Users/DreamMachine/.m2/repository/org/opentest4j/opentest4j/1.1.1/opentest4j-1.1.1.jar:/Users/DreamMachine/.m2/repository/org/junit/platform/junit-platform-commons/1.3.1/junit-platform-commons-1.3.1.jar:/Users/DreamMachine/.m2/repository/org/junit/jupiter/junit-jupiter-engine/5.3.1/junit-jupiter-engine-5.3.1.jar:/Users/DreamMachine/.m2/repository/org/junit/platform/junit-platform-engine/1.3.1/junit-platform-engine-1.3.1.jar:"/>
    <property name="sun.cpu.endian" value="little"/>
    <property name="user.home" value="/Users/DreamMachine"/>
    <property name="user.language" value="en"/>
    <property name="java.specification.vendor" value="Oracle Corporation"/>
    <property name="java.version.date" value="2020-07-14"/>
    <property name="java.home" value="/Library/Java/JavaVirtualMachines/adoptopenjdk-14.jdk/Contents/Home"/>
    <property name="file.separator" value="/"/>
    <property name="basedir" value="/Users/DreamMachine/IdeaProjects/LastWarrior"/>
    <property name="java.vm.compressedOopsMode" value="Zero based"/>
    <property name="line.separator" value="&#10;"/>
    <property name="java.specification.name" value="Java Platform API Specification"/>
    <property name="java.vm.specification.vendor" value="Oracle Corporation"/>
    <property name="surefire.real.class.path" value="/Users/DreamMachine/IdeaProjects/LastWarrior/target/surefire/surefirebooter15071008214341718049.jar"/>
    <property name="sun.management.compiler" value="HotSpot 64-Bit Tiered Compilers"/>
    <property name="ftp.nonProxyHosts" value="local|*.local|169.254/16|*.169.254/16"/>
    <property name="java.runtime.version" value="14.0.2+12"/>
    <property name="user.name" value="DreamMachine"/>
    <property name="path.separator" value=":"/>
    <property name="os.version" value="10.15.7"/>
    <property name="java.runtime.name" value="OpenJDK Runtime Environment"/>
    <property name="file.encoding" value="UTF-8"/>
    <property name="java.vm.name" value="OpenJDK 64-Bit Server VM"/>
    <property name="java.vendor.version" value="AdoptOpenJDK"/>
    <property name="localRepository" value="/Users/DreamMachine/.m2/repository"/>
    <property name="java.vendor.url.bug" value="https://github.com/AdoptOpenJDK/openjdk-support/issues"/>
    <property name="java.io.tmpdir" value="/var/folders/td/pdb578q566gbv6757_nfbgs40000gp/T/"/>
    <property name="idea.version" value="2020.3"/>
    <property name="java.version" value="14.0.2"/>
    <property name="user.dir" value="/Users/DreamMachine/IdeaProjects/LastWarrior"/>
    <property name="os.arch" value="x86_64"/>
    <property name="java.vm.specification.name" value="Java Virtual Machine Specification"/>
    <property name="java.library.path" value="/Users/DreamMachine/Library/Java/Extensions:/Library/Java/Extensions:/Network/Library/Java/Extensions:/System/Library/Java/Extensions:/usr/lib/java:."/>
    <property name="java.vm.info" value="mixed mode, sharing"/>
    <property name="java.vendor" value="AdoptOpenJDK"/>
    <property name="java.vm.version" value="14.0.2+12"/>
    <property name="sun.io.unicode.encoding" value="UnicodeBig"/>
    <property name="socksNonProxyHosts" value="local|*.local|169.254/16|*.169.254/16"/>
    <property name="java.class.version" value="58.0"/>
  </properties>
  <testcase name="getEndurance" classname="com.los.lastwarrior.warrior.DisciplineTest" time="0.002"/>
  <testcase name="getDefense" classname="com.los.lastwarrior.warrior.DisciplineTest" time="0"/>
  <testcase name="getImagePath" classname="com.los.lastwarrior.warrior.DisciplineTest" time="0.001"/>
  <testcase name="setHistory" classname="com.los.lastwarrior.warrior.DisciplineTest" time="0"/>
  <testcase name="getEvasion" classname="com.los.lastwarrior.warrior.DisciplineTest" time="0.001"/>
  <testcase name="setEndurance" classname="com.los.lastwarrior.warrior.DisciplineTest" time="0"/>
  <testcase name="setAccuracy" classname="com.los.lastwarrior.warrior.DisciplineTest" time="0"/>
  <testcase name="getAccuracy" classname="com.los.lastwarrior.warrior.DisciplineTest" time="0"/>
  <testcase name="getDiscipline" classname="com.los.lastwarrior.warrior.DisciplineTest" time="0"/>
  <testcase name="getHp" classname="com.los.lastwarrior.warrior.DisciplineTest" time="0"/>
  <testcase name="setHp" classname="com.los.lastwarrior.warrior.DisciplineTest" time="0.001"/>
  <testcase name="setDefense" classname="com.los.lastwarrior.warrior.DisciplineTest" time="0.001"/>
  <testcase name="setImagePath" classname="com.los.lastwarrior.warrior.DisciplineTest" time="0.001"/>
  <testcase name="setDiscipline" classname="com.los.lastwarrior.warrior.DisciplineTest" time="0.001"/>
  <testcase name="setPower" classname="com.los.lastwarrior.warrior.DisciplineTest" time="0"/>
  <testcase name="setSpeed" classname="com.los.lastwarrior.warrior.DisciplineTest" time="0.001"/>
  <testcase name="setEvasion" classname="com.los.lastwarrior.warrior.DisciplineTest" time="0.001"/>
  <testcase name="getPower" classname="com.los.lastwarrior.warrior.DisciplineTest" time="0"/>
  <testcase name="getHistory" classname="com.los.lastwarrior.warrior.DisciplineTest" time="0"/>
  <testcase name="getSpeed" classname="com.los.lastwarrior.warrior.DisciplineTest" time="0"/>
</testsuite>